{"message":"Example app listening at http://localhost:3000","level":"info","timestamp":"2021-08-13T20:33:05.774Z"}
{"message":"Attempting to create user","level":"info","timestamp":"2021-08-13T20:33:06.720Z"}
{"message":"Attempting to create user","level":"info","timestamp":"2021-08-13T20:33:08.000Z"}
{"message":"Attempting to create user","level":"info","timestamp":"2021-08-13T20:33:16.388Z"}
{"message":"Attempting to create user","level":"info","timestamp":"2021-08-13T20:33:47.407Z"}
{"message":"Attempting to create user","level":"info","timestamp":"2021-08-13T20:33:50.483Z"}
{"message":"Example app listening at http://localhost:3000","level":"info","timestamp":"2021-08-13T20:33:57.132Z"}
{"message":"Attempting to create user","level":"info","timestamp":"2021-08-13T20:33:58.057Z"}
{"message":"Attempting to create user","level":"info","timestamp":"2021-08-13T20:33:59.053Z"}
{"message":"Attempting to create user","level":"info","timestamp":"2021-08-13T20:34:09.344Z"}
{"message":"Attempting to create user","level":"info","timestamp":"2021-08-13T20:34:10.648Z"}
{"message":"Example app listening at http://localhost:3000","level":"info","timestamp":"2021-08-13T20:34:14.586Z"}
{"message":"Example app listening at http://localhost:3000","level":"info","timestamp":"2021-08-13T20:36:28.571Z"}
{"message":"Attempting to create user","level":"info","timestamp":"2021-08-13T20:36:54.015Z"}
{"message":"Example app listening at http://localhost:3000","level":"info","timestamp":"2021-08-13T20:37:03.373Z"}
{"message":"Example app listening at http://localhost:3000","level":"info","timestamp":"2021-08-13T20:37:09.256Z"}
{"message":"Attempting to create user","level":"info","timestamp":"2021-08-13T20:37:10.677Z"}
{"message":"Example app listening at http://localhost:3000","level":"info","timestamp":"2021-08-13T20:37:25.870Z"}
{"message":"Attempting to create user","level":"info","timestamp":"2021-08-13T20:37:27.192Z"}
{"message":"Example app listening at http://localhost:3000","level":"info","timestamp":"2021-08-13T20:37:33.457Z"}
{"message":"Attempting to create user","level":"info","timestamp":"2021-08-13T20:38:21.866Z"}
{"message":"Example app listening at http://localhost:3000","level":"info","timestamp":"2021-08-13T20:39:12.792Z"}
{"message":"Attempting to create user","level":"info","timestamp":"2021-08-13T20:39:15.854Z"}
{"message":"Attempting to create user","level":"info","timestamp":"2021-08-13T20:39:34.122Z"}
{"message":"Example app listening at http://localhost:3000","level":"info","timestamp":"2021-08-13T20:40:23.320Z"}
{"message":"Example app listening at http://localhost:3000","level":"info","timestamp":"2021-08-13T20:40:58.784Z"}
{"message":"Example app listening at http://localhost:3000","level":"info","timestamp":"2021-08-13T20:41:42.452Z"}
{"message":"Example app listening at http://localhost:3000","level":"info","timestamp":"2021-08-13T20:41:49.761Z"}
{"message":"Example app listening at http://localhost:3000","level":"info","timestamp":"2021-08-13T20:42:23.791Z"}
{"message":"Example app listening at http://localhost:3000","level":"info","timestamp":"2021-08-13T20:42:26.149Z"}
{"message":"Example app listening at http://localhost:3000","level":"info","timestamp":"2021-08-13T20:43:23.317Z"}
{"message":"Example app listening at http://localhost:3000","level":"info","timestamp":"2021-08-13T20:43:40.638Z"}
{"message":"Attempting to create user","level":"info","timestamp":"2021-08-13T20:44:22.616Z"}
{"message":"Creating Users testing","level":"info","timestamp":"2021-08-13T20:44:22.618Z"}
{"message":"Users testing Created","level":"info","timestamp":"2021-08-13T20:44:22.652Z"}
{"message":"Attempting to create user","level":"info","timestamp":"2021-08-13T20:44:40.922Z"}
{"message":"Creating Users testing","level":"info","timestamp":"2021-08-13T20:44:40.923Z"}
{"message":"E11000 duplicate key error collection: atlan.users index: _id_ dup key: { _id: \"testing\" }","level":"error","timestamp":"2021-08-13T20:44:40.930Z"}
{"message":"Users testing Created","level":"info","timestamp":"2021-08-13T20:44:40.931Z"}
{"message":"Example app listening at http://localhost:3000","level":"info","timestamp":"2021-08-13T20:45:01.447Z"}
{"message":"Attempting to create user","level":"info","timestamp":"2021-08-13T20:45:03.765Z"}
{"message":"Creating Users testing","level":"info","timestamp":"2021-08-13T20:45:03.767Z"}
{"message":"E11000 duplicate key error collection: atlan.users index: _id_ dup key: { _id: \"testing\" }","level":"error","timestamp":"2021-08-13T20:45:03.797Z"}
{"message":"Users testing Created","level":"info","timestamp":"2021-08-13T20:45:03.799Z"}
{"message":"Attempting to create user","level":"info","timestamp":"2021-08-13T20:45:28.335Z"}
{"message":"Creating Users bhawanak@gmail.com","level":"info","timestamp":"2021-08-13T20:45:28.336Z"}
{"message":"Users bhawanak@gmail.com Created","level":"info","timestamp":"2021-08-13T20:45:28.344Z"}
{"message":"Attempting to create user","level":"info","timestamp":"2021-08-13T20:45:29.981Z"}
{"message":"Creating Users bhawanak@gmail.com","level":"info","timestamp":"2021-08-13T20:45:29.982Z"}
{"message":"E11000 duplicate key error collection: atlan.users index: _id_ dup key: { _id: \"bhawanak@gmail.com\" }","level":"error","timestamp":"2021-08-13T20:45:29.989Z"}
{"message":"Users bhawanak@gmail.com Created","level":"info","timestamp":"2021-08-13T20:45:29.989Z"}
{"message":"Example app listening at http://localhost:3000","level":"info","timestamp":"2021-08-13T20:46:58.932Z"}
{"message":"Attempting to create user","level":"info","timestamp":"2021-08-13T20:47:03.451Z"}
{"message":"Creating Users bhawanak@gmail.com","level":"info","timestamp":"2021-08-13T20:47:03.453Z"}
{"message":"E11000 duplicate key error collection: atlan.users index: _id_ dup key: { _id: \"bhawanak@gmail.com\" }","level":"error","timestamp":"2021-08-13T20:47:03.486Z"}
{"message":"Users bhawanak@gmail.com Created","level":"info","timestamp":"2021-08-13T20:47:03.489Z"}
{"message":"Attempting to create user","level":"info","timestamp":"2021-08-13T20:47:17.795Z"}
{"message":"Creating Users bhawanak12@gmail.com","level":"info","timestamp":"2021-08-13T20:47:17.796Z"}
{"message":"Users bhawanak12@gmail.com Created","level":"info","timestamp":"2021-08-13T20:47:17.803Z"}
{"message":"Attempting to create user","level":"info","timestamp":"2021-08-13T20:47:21.883Z"}
{"message":"Creating Users bhawanak12@gmail.com","level":"info","timestamp":"2021-08-13T20:47:21.884Z"}
{"message":"E11000 duplicate key error collection: atlan.users index: _id_ dup key: { _id: \"bhawanak12@gmail.com\" }","level":"error","timestamp":"2021-08-13T20:47:21.890Z"}
{"message":"Users bhawanak12@gmail.com Created","level":"info","timestamp":"2021-08-13T20:47:21.891Z"}
{"message":"Example app listening at http://localhost:3000","level":"info","timestamp":"2021-08-13T20:48:51.897Z"}
{"message":"Example app listening at http://localhost:3000","level":"info","timestamp":"2021-08-13T20:50:45.142Z"}
{"message":"Example app listening at http://localhost:3000","level":"info","timestamp":"2021-08-13T20:50:53.484Z"}
{"message":"Example app listening at http://localhost:3000","level":"info","timestamp":"2021-08-13T20:50:55.884Z"}
{"message":"Example app listening at http://localhost:3000","level":"info","timestamp":"2021-08-13T20:51:02.475Z"}
{"message":"Example app listening at http://localhost:3000","level":"info","timestamp":"2021-08-13T20:51:17.879Z"}
{"message":"Example app listening at http://localhost:3000","level":"info","timestamp":"2021-08-13T20:53:41.058Z"}
{"message":"Example app listening at http://localhost:3000","level":"info","timestamp":"2021-08-13T20:54:07.469Z"}
{"message":"Attempting to verify User if it exists","level":"info","timestamp":"2021-08-13T20:54:49.852Z"}
{"message":"Checking If bhawanak12@gmail.com exists","level":"info","timestamp":"2021-08-13T20:54:49.853Z"}
{"message":"Example app listening at http://localhost:3000","level":"info","timestamp":"2021-08-13T20:55:17.351Z"}
{"message":"Attempting to verify User if it exists","level":"info","timestamp":"2021-08-13T20:55:20.258Z"}
{"message":"Checking If bhawanak12@gmail.com exists","level":"info","timestamp":"2021-08-13T20:55:20.260Z"}
{"message":"Example app listening at http://localhost:3000","level":"info","timestamp":"2021-08-13T20:56:24.643Z"}
{"message":"Example app listening at http://localhost:3000","level":"info","timestamp":"2021-08-13T20:56:26.974Z"}
{"message":"Attempting to verify User if it exists","level":"info","timestamp":"2021-08-13T20:56:30.093Z"}
{"message":"Checking If bhawanak12@gmail.com exists","level":"info","timestamp":"2021-08-13T20:56:30.095Z"}
{"message":"Attempting to verify User if it exists","level":"info","timestamp":"2021-08-13T20:56:33.324Z"}
{"message":"Checking If bhawanak12@gmail.com exists","level":"info","timestamp":"2021-08-13T20:56:33.325Z"}
{"message":"Attempting to verify User if it exists","level":"info","timestamp":"2021-08-13T20:56:34.795Z"}
{"message":"Checking If bhawanak12@gmail.com exists","level":"info","timestamp":"2021-08-13T20:56:34.796Z"}
{"message":"Attempting to verify User if it exists","level":"info","timestamp":"2021-08-13T20:56:39.733Z"}
{"message":"Checking If bhawanak12234@gmail.com exists","level":"info","timestamp":"2021-08-13T20:56:39.734Z"}
{"message":"Attempting to verify User if it exists","level":"info","timestamp":"2021-08-13T20:56:46.608Z"}
{"message":"Checking If bhawanak12@gmail.com exists","level":"info","timestamp":"2021-08-13T20:56:46.609Z"}
{"message":"Example app listening at http://localhost:3000","level":"info","timestamp":"2021-08-13T21:01:15.327Z"}
